INFO: [VRFC 10-2263] Analyzing Verilog file "X:/project_1/project_1.srcs/sources_1/imports/verilog/add4.v" into library xil_defaultlib
INFO: [VRFC 10-311] analyzing module add4
INFO: [VRFC 10-2263] Analyzing Verilog file "X:/project_1/project_1.srcs/sources_1/imports/verilog/alu.v" into library xil_defaultlib
INFO: [VRFC 10-311] analyzing module alu
INFO: [VRFC 10-2263] Analyzing Verilog file "X:/project_1/project_1.srcs/sources_1/new/alu_muldiv_mux2to1.v" into library xil_defaultlib
INFO: [VRFC 10-311] analyzing module alu_muldiv_mux2to1
INFO: [VRFC 10-2263] Analyzing Verilog file "X:/project_1/project_1.srcs/sources_1/imports/verilog/archer_rv32i_single_cycle.v" into library xil_defaultlib
INFO: [VRFC 10-311] analyzing module archer_rv32i_single_cycle
INFO: [VRFC 10-2263] Analyzing Verilog file "X:/project_1/project_1.srcs/sources_1/imports/verilog/branch_cmp.v" into library xil_defaultlib
INFO: [VRFC 10-311] analyzing module branch_cmp
INFO: [VRFC 10-2263] Analyzing Verilog file "X:/project_1/project_1.srcs/sources_1/imports/verilog/control.v" into library xil_defaultlib
INFO: [VRFC 10-311] analyzing module control
INFO: [VRFC 10-2263] Analyzing Verilog file "X:/project_1/project_1.srcs/sources_1/imports/verilog/immgen.v" into library xil_defaultlib
INFO: [VRFC 10-311] analyzing module immgen
INFO: [VRFC 10-2263] Analyzing Verilog file "X:/project_1/project_1.srcs/sources_1/imports/verilog/lmb.v" into library xil_defaultlib
INFO: [VRFC 10-311] analyzing module lmb
INFO: [VRFC 10-2263] Analyzing Verilog file "X:/project_1/project_1.srcs/sources_1/new/mul_div.v" into library xil_defaultlib
INFO: [VRFC 10-311] analyzing module mul_div
INFO: [VRFC 10-2263] Analyzing Verilog file "X:/project_1/project_1.srcs/sources_1/imports/verilog/mux2to1.v" into library xil_defaultlib
INFO: [VRFC 10-311] analyzing module mux2to1
INFO: [VRFC 10-2263] Analyzing Verilog file "X:/project_1/project_1.srcs/sources_1/imports/verilog/pc.v" into library xil_defaultlib
INFO: [VRFC 10-311] analyzing module pc
INFO: [VRFC 10-2263] Analyzing Verilog file "X:/project_1/project_1.srcs/sources_1/imports/verilog/regfile.v" into library xil_defaultlib
INFO: [VRFC 10-311] analyzing module regfile
INFO: [VRFC 10-2263] Analyzing Verilog file "X:/project_1/project_1.srcs/sources_1/imports/verilog/rom.v" into library xil_defaultlib
INFO: [VRFC 10-311] analyzing module rom
INFO: [VRFC 10-2263] Analyzing Verilog file "X:/project_1/project_1.srcs/sources_1/imports/verilog/sram.v" into library xil_defaultlib
INFO: [VRFC 10-311] analyzing module sram
INFO: [VRFC 10-2263] Analyzing Verilog file "X:/project_1/project_1.srcs/sim_1/imports/verilog/archer_rv32i_single_cycle_tb.v" into library xil_defaultlib
INFO: [VRFC 10-311] analyzing module archer_rv321_single_cycle_tb
